<?xml version="1.0" encoding="UTF-8"?>
<testng-results ignored="0" total="6" passed="6" failed="0" skipped="0">
  <reporter-output>
  </reporter-output>
  <suite started-at="2023-07-02T20:07:08 IST" name="Default suite" finished-at="2023-07-02T20:07:09 IST" duration-ms="1094">
    <groups>
    </groups>
    <test started-at="2023-07-02T20:07:08 IST" name="Default test" finished-at="2023-07-02T20:07:09 IST" duration-ms="1094">
      <class name="com.nkxgen.spring.jdbc.Test.BankUserServiceTest">
        <test-method is-config="true" signature="setUp()[pri:0, instance:com.nkxgen.spring.jdbc.Test.BankUserServiceTest@147e2ae7]" started-at="2023-07-02T20:07:08 IST" name="setUp" finished-at="2023-07-02T20:07:09 IST" duration-ms="873" status="PASS">
          <reporter-output>
          </reporter-output>
        </test-method> <!-- setUp -->
        <test-method signature="testGetAllBankUsers()[pri:0, instance:com.nkxgen.spring.jdbc.Test.BankUserServiceTest@147e2ae7]" started-at="2023-07-02T20:07:09 IST" name="testGetAllBankUsers" finished-at="2023-07-02T20:07:09 IST" duration-ms="75" status="PASS">
          <reporter-output>
          </reporter-output>
        </test-method> <!-- testGetAllBankUsers -->
        <test-method is-config="true" signature="setUp()[pri:0, instance:com.nkxgen.spring.jdbc.Test.BankUserServiceTest@147e2ae7]" started-at="2023-07-02T20:07:09 IST" name="setUp" finished-at="2023-07-02T20:07:09 IST" duration-ms="1" status="PASS">
          <reporter-output>
          </reporter-output>
        </test-method> <!-- setUp -->
        <test-method signature="testGetBankUserById()[pri:0, instance:com.nkxgen.spring.jdbc.Test.BankUserServiceTest@147e2ae7]" started-at="2023-07-02T20:07:09 IST" name="testGetBankUserById" finished-at="2023-07-02T20:07:09 IST" duration-ms="3" status="PASS">
          <reporter-output>
          </reporter-output>
        </test-method> <!-- testGetBankUserById -->
        <test-method is-config="true" signature="setUp()[pri:0, instance:com.nkxgen.spring.jdbc.Test.BankUserServiceTest@147e2ae7]" started-at="2023-07-02T20:07:09 IST" name="setUp" finished-at="2023-07-02T20:07:09 IST" duration-ms="0" status="PASS">
          <reporter-output>
          </reporter-output>
        </test-method> <!-- setUp -->
        <test-method signature="testGetBankUsersByDesignation()[pri:0, instance:com.nkxgen.spring.jdbc.Test.BankUserServiceTest@147e2ae7]" started-at="2023-07-02T20:07:09 IST" name="testGetBankUsersByDesignation" finished-at="2023-07-02T20:07:09 IST" duration-ms="54" status="PASS">
          <reporter-output>
          </reporter-output>
        </test-method> <!-- testGetBankUsersByDesignation -->
        <test-method is-config="true" signature="setUp()[pri:0, instance:com.nkxgen.spring.jdbc.Test.BankUserServiceTest@147e2ae7]" started-at="2023-07-02T20:07:09 IST" name="setUp" finished-at="2023-07-02T20:07:09 IST" duration-ms="1" status="PASS">
          <reporter-output>
          </reporter-output>
        </test-method> <!-- setUp -->
        <test-method signature="testGetBankUsersByDesignation_BankUser()[pri:0, instance:com.nkxgen.spring.jdbc.Test.BankUserServiceTest@147e2ae7]" started-at="2023-07-02T20:07:09 IST" name="testGetBankUsersByDesignation_BankUser" finished-at="2023-07-02T20:07:09 IST" duration-ms="2" status="PASS">
          <reporter-output>
          </reporter-output>
        </test-method> <!-- testGetBankUsersByDesignation_BankUser -->
        <test-method is-config="true" signature="setUp()[pri:0, instance:com.nkxgen.spring.jdbc.Test.BankUserServiceTest@147e2ae7]" started-at="2023-07-02T20:07:09 IST" name="setUp" finished-at="2023-07-02T20:07:09 IST" duration-ms="1" status="PASS">
          <reporter-output>
          </reporter-output>
        </test-method> <!-- setUp -->
        <test-method signature="testSaveBankUser()[pri:0, instance:com.nkxgen.spring.jdbc.Test.BankUserServiceTest@147e2ae7]" started-at="2023-07-02T20:07:09 IST" name="testSaveBankUser" finished-at="2023-07-02T20:07:09 IST" duration-ms="1" status="PASS">
          <reporter-output>
          </reporter-output>
        </test-method> <!-- testSaveBankUser -->
        <test-method is-config="true" signature="setUp()[pri:0, instance:com.nkxgen.spring.jdbc.Test.BankUserServiceTest@147e2ae7]" started-at="2023-07-02T20:07:09 IST" name="setUp" finished-at="2023-07-02T20:07:09 IST" duration-ms="1" status="PASS">
          <reporter-output>
          </reporter-output>
        </test-method> <!-- setUp -->
        <test-method signature="testSaveUser()[pri:0, instance:com.nkxgen.spring.jdbc.Test.BankUserServiceTest@147e2ae7]" started-at="2023-07-02T20:07:09 IST" name="testSaveUser" finished-at="2023-07-02T20:07:09 IST" duration-ms="1" status="PASS">
          <reporter-output>
          </reporter-output>
        </test-method> <!-- testSaveUser -->
      </class> <!-- com.nkxgen.spring.jdbc.Test.BankUserServiceTest -->
    </test> <!-- Default test -->
  </suite> <!-- Default suite -->
</testng-results>
