<?xml version="1.0" encoding="UTF-8"?>
<!-- Generated by org.testng.reporters.JUnitXMLReporter -->
<testsuite ignored="0" hostname="LAPTOP-VCQHI407" failures="1" tests="11" name="Default test" time="0.737" errors="0" timestamp="2023-07-02T11:48:41 IST">
  <testcase classname="com.nkxgen.spring.jdbc.Test.LoanApplicationDaoTest" name="testApproveApplication" time="0.036">
    <failure type="org.mockito.exceptions.verification.WantedButNotInvoked" message="
Wanted but not invoked:
entityManager.persist(
    &amp;lt;any com.nkxgen.spring.jdbc.model.LoanAccount&amp;gt;
);
-&amp;gt; at com.nkxgen.spring.jdbc.Test.LoanApplicationDaoTest.testApproveApplication(LoanApplicationDaoTest.java:153)
Actually, there were zero interactions with this mock.
">
      <![CDATA[Wanted but not invoked:
entityManager.persist(
    <any com.nkxgen.spring.jdbc.model.LoanAccount>
);
-> at com.nkxgen.spring.jdbc.Test.LoanApplicationDaoTest.testApproveApplication(LoanApplicationDaoTest.java:153)
Actually, there were zero interactions with this mock.

at com.nkxgen.spring.jdbc.Test.LoanApplicationDaoTest.testApproveApplication(LoanApplicationDaoTest.java:153)
at java.base/jdk.internal.reflect.NativeMethodAccessorImpl.invoke0(Native Method)
at java.base/jdk.internal.reflect.NativeMethodAccessorImpl.invoke(NativeMethodAccessorImpl.java:77)
at java.base/jdk.internal.reflect.DelegatingMethodAccessorImpl.invoke(DelegatingMethodAccessorImpl.java:43)
at java.base/java.lang.reflect.Method.invoke(Method.java:568)
at org.testng.internal.invokers.MethodInvocationHelper.invokeMethod(MethodInvocationHelper.java:139)
at org.testng.internal.invokers.TestInvoker.invokeMethod(TestInvoker.java:664)
at org.testng.internal.invokers.TestInvoker.invokeTestMethod(TestInvoker.java:227)
at org.testng.internal.invokers.MethodRunner.runInSequence(MethodRunner.java:50)
at org.testng.internal.invokers.TestInvoker$MethodInvocationAgent.invoke(TestInvoker.java:957)
at org.testng.internal.invokers.TestInvoker.invokeTestMethods(TestInvoker.java:200)
at org.testng.internal.invokers.TestMethodWorker.invokeTestMethods(TestMethodWorker.java:148)
at org.testng.internal.invokers.TestMethodWorker.run(TestMethodWorker.java:128)
at java.base/java.util.ArrayList.forEach(ArrayList.java:1511)
at org.testng.TestRunner.privateRun(TestRunner.java:848)
at org.testng.TestRunner.run(TestRunner.java:621)
at org.testng.SuiteRunner.runTest(SuiteRunner.java:443)
at org.testng.SuiteRunner.runSequentially(SuiteRunner.java:437)
at org.testng.SuiteRunner.privateRun(SuiteRunner.java:397)
at org.testng.SuiteRunner.run(SuiteRunner.java:336)
at org.testng.SuiteRunnerWorker.runSuite(SuiteRunnerWorker.java:52)
at org.testng.SuiteRunnerWorker.run(SuiteRunnerWorker.java:95)
at org.testng.TestNG.runSuitesSequentially(TestNG.java:1280)
at org.testng.TestNG.runSuitesLocally(TestNG.java:1200)
at org.testng.TestNG.runSuites(TestNG.java:1114)
at org.testng.TestNG.run(TestNG.java:1082)
at org.testng.remote.AbstractRemoteTestNG.run(AbstractRemoteTestNG.java:115)
at org.testng.remote.RemoteTestNG.initAndRun(RemoteTestNG.java:251)
at org.testng.remote.RemoteTestNG.main(RemoteTestNG.java:77)
]]>
    </failure>
  </testcase> <!-- testApproveApplication -->
  <testcase classname="com.nkxgen.spring.jdbc.Test.LoanApplicationDaoTest" name="testDeleteApplication" time="0.005"/>
  <testcase classname="com.nkxgen.spring.jdbc.Test.LoanApplicationDaoTest" name="testGetAllLoans" time="0.005"/>
  <testcase classname="com.nkxgen.spring.jdbc.Test.LoanApplicationDaoTest" name="testGetLoanAccountById" time="0.001"/>
  <testcase classname="com.nkxgen.spring.jdbc.Test.LoanApplicationDaoTest" name="testGetLoanAccountsByLoanType" time="0.002"/>
  <testcase classname="com.nkxgen.spring.jdbc.Test.LoanApplicationDaoTest" name="testGetLoanApplicationById" time="0.001"/>
  <testcase classname="com.nkxgen.spring.jdbc.Test.LoanApplicationDaoTest" name="testGetLoanApplicationByValue" time="0.002"/>
  <testcase classname="com.nkxgen.spring.jdbc.Test.LoanApplicationDaoTest" name="testGetLoanApplicationByid" time="0.002"/>
  <testcase classname="com.nkxgen.spring.jdbc.Test.LoanApplicationDaoTest" name="testGetLoanApplicationsByStatus" time="0.002"/>
  <testcase classname="com.nkxgen.spring.jdbc.Test.LoanApplicationDaoTest" name="testSaveLoanApplication" time="0.001"/>
  <testcase classname="com.nkxgen.spring.jdbc.Test.LoanApplicationDaoTest" name="testSaveTheApprovedLoanApplication" time="0.001"/>
</testsuite> <!-- Default test -->
