<?xml version="1.0" encoding="UTF-8"?>
<!-- Generated by org.testng.reporters.JUnitXMLReporter -->
<testsuite ignored="4" hostname="pennant-vsp121" failures="1" tests="1" name="Default test" time="0.654" errors="0" timestamp="2023-07-04T16:42:41 IST">
  <testcase classname="com.nkxgen.spring.jdbc.Test.CustomerControllerTest" name="testCustomerDataSaveToDb" time="0.006">
    <failure type="java.lang.NullPointerException" message="Cannot invoke &amp;quot;com.nkxgen.spring.jdbc.ViewModels.CustomerViewModel.getId()&amp;quot; because &amp;quot;customertrail&amp;quot; is null">
      <![CDATA[java.lang.NullPointerException: Cannot invoke "com.nkxgen.spring.jdbc.ViewModels.CustomerViewModel.getId()" because "customertrail" is null
at com.nkxgen.spring.jdbc.Bal.CustomerSetter.dotheservice2(CustomerSetter.java:64)
at com.nkxgen.spring.jdbc.Test.CustomerControllerTest.testCustomerDataSaveToDb(CustomerControllerTest.java:53)
at java.base/jdk.internal.reflect.NativeMethodAccessorImpl.invoke0(Native Method)
at java.base/jdk.internal.reflect.NativeMethodAccessorImpl.invoke(NativeMethodAccessorImpl.java:62)
at java.base/jdk.internal.reflect.DelegatingMethodAccessorImpl.invoke(DelegatingMethodAccessorImpl.java:43)
at java.base/java.lang.reflect.Method.invoke(Method.java:564)
at org.testng.internal.invokers.MethodInvocationHelper.invokeMethod(MethodInvocationHelper.java:139)
at org.testng.internal.invokers.TestInvoker.invokeMethod(TestInvoker.java:664)
at org.testng.internal.invokers.TestInvoker.invokeTestMethod(TestInvoker.java:227)
at org.testng.internal.invokers.MethodRunner.runInSequence(MethodRunner.java:50)
at org.testng.internal.invokers.TestInvoker$MethodInvocationAgent.invoke(TestInvoker.java:957)
at org.testng.internal.invokers.TestInvoker.invokeTestMethods(TestInvoker.java:200)
at org.testng.internal.invokers.TestMethodWorker.invokeTestMethods(TestMethodWorker.java:148)
at org.testng.internal.invokers.TestMethodWorker.run(TestMethodWorker.java:128)
at java.base/java.util.ArrayList.forEach(ArrayList.java:1510)
at org.testng.TestRunner.privateRun(TestRunner.java:848)
at org.testng.TestRunner.run(TestRunner.java:621)
at org.testng.SuiteRunner.runTest(SuiteRunner.java:443)
at org.testng.SuiteRunner.runSequentially(SuiteRunner.java:437)
at org.testng.SuiteRunner.privateRun(SuiteRunner.java:397)
at org.testng.SuiteRunner.run(SuiteRunner.java:336)
at org.testng.SuiteRunnerWorker.runSuite(SuiteRunnerWorker.java:52)
at org.testng.SuiteRunnerWorker.run(SuiteRunnerWorker.java:95)
at org.testng.TestNG.runSuitesSequentially(TestNG.java:1280)
at org.testng.TestNG.runSuitesLocally(TestNG.java:1200)
at org.testng.TestNG.runSuites(TestNG.java:1114)
at org.testng.TestNG.run(TestNG.java:1082)
at org.testng.remote.AbstractRemoteTestNG.run(AbstractRemoteTestNG.java:115)
at org.testng.remote.RemoteTestNG.initAndRun(RemoteTestNG.java:251)
at org.testng.remote.RemoteTestNG.main(RemoteTestNG.java:77)
]]>
    </failure>
  </testcase> <!-- testCustomerDataSaveToDb -->
  <testcase classname="com.nkxgen.spring.jdbc.Test.CustomerControllerTest" name="testSaveToCustomerDatabase" time="0.0">
    <ignored/>
  </testcase> <!-- testSaveToCustomerDatabase -->
  <testcase classname="com.nkxgen.spring.jdbc.Test.CustomerControllerTest" name="testSaveToCustomersubDatabase" time="0.0">
    <ignored/>
  </testcase> <!-- testSaveToCustomersubDatabase -->
  <testcase classname="com.nkxgen.spring.jdbc.Test.CustomerControllerTest" name="testCustomerDataUpdation" time="0.0">
    <ignored/>
  </testcase> <!-- testCustomerDataUpdation -->
  <testcase classname="com.nkxgen.spring.jdbc.Test.CustomerControllerTest" name="testGetAllCustomers" time="0.0">
    <ignored/>
  </testcase> <!-- testGetAllCustomers -->
</testsuite> <!-- Default test -->
